c:\users\chai31\documents\study\kj\blender_importer_exporter\bztuts\bztuts\x64\debug\vc141.pdb
c:\users\chai31\documents\study\kj\blender_importer_exporter\bztuts\bztuts\x64\debug\vc141.idb
c:\users\chai31\documents\study\kj\blender_importer_exporter\bztuts\bztuts\x64\debug\util.obj
c:\users\chai31\documents\study\kj\blender_importer_exporter\bztuts\bztuts\x64\debug\transform.obj
c:\users\chai31\documents\study\kj\blender_importer_exporter\bztuts\bztuts\x64\debug\game_object.obj
c:\users\chai31\documents\study\kj\blender_importer_exporter\bztuts\bztuts\x64\debug\state.obj
c:\users\chai31\documents\study\kj\blender_importer_exporter\bztuts\bztuts\x64\debug\sphere_collider.obj
c:\users\chai31\documents\study\kj\blender_importer_exporter\bztuts\bztuts\x64\debug\rigid_body.obj
c:\users\chai31\documents\study\kj\blender_importer_exporter\bztuts\bztuts\x64\debug\renderable.obj
c:\users\chai31\documents\study\kj\blender_importer_exporter\bztuts\bztuts\x64\debug\mesh_renderer.obj
c:\users\chai31\documents\study\kj\blender_importer_exporter\bztuts\bztuts\x64\debug\mesh.obj
c:\users\chai31\documents\study\kj\blender_importer_exporter\bztuts\bztuts\x64\debug\line.obj
c:\users\chai31\documents\study\kj\blender_importer_exporter\bztuts\bztuts\x64\debug\kj_app.obj
c:\users\chai31\documents\study\kj\blender_importer_exporter\bztuts\bztuts\x64\debug\d3dapp.obj
c:\users\chai31\documents\study\kj\blender_importer_exporter\bztuts\bztuts\x64\debug\bone.obj
c:\users\chai31\documents\study\kj\blender_importer_exporter\bztuts\bztuts\x64\debug\component.obj
c:\users\chai31\documents\study\kj\blender_importer_exporter\bztuts\bztuts\x64\debug\collider.obj
c:\users\chai31\documents\study\kj\blender_importer_exporter\bztuts\bztuts\x64\debug\box_collider.obj
c:\users\chai31\documents\study\kj\blender_importer_exporter\bztuts\bztuts\x64\debug\avatar.obj
c:\users\chai31\documents\study\kj\blender_importer_exporter\bztuts\bztuts\x64\debug\animator.obj
c:\users\chai31\documents\study\kj\blender_importer_exporter\bztuts\bztuts\x64\debug\animation.obj
c:\users\chai31\documents\study\kj\blender_importer_exporter\bztuts\x64\debug\pixelshader.cso
c:\users\chai31\documents\study\kj\blender_importer_exporter\bztuts\x64\debug\vertexshader.cso
c:\users\joonkang\documents\blender_and_dx12\blender_importer_exporter\bztuts\x64\debug\bztuts.exe
c:\users\joonkang\documents\blender_and_dx12\blender_importer_exporter\bztuts\x64\debug\bztuts.ilk
c:\users\joonkang\documents\blender_and_dx12\blender_importer_exporter\bztuts\x64\debug\bztuts.pdb
c:\users\chai31\documents\study\kj\blender_importer_exporter\bztuts\x64\debug\bztuts.exe
c:\users\chai31\documents\study\kj\blender_importer_exporter\bztuts\x64\debug\bztuts.ilk
c:\users\chai31\documents\study\kj\blender_importer_exporter\bztuts\x64\debug\bztuts.pdb
c:\users\chai31\documents\study\kj\blender_importer_exporter\bztuts\bztuts\x64\debug\bztuts.tlog\cl.command.1.tlog
c:\users\chai31\documents\study\kj\blender_importer_exporter\bztuts\bztuts\x64\debug\bztuts.tlog\cl.read.1.tlog
c:\users\chai31\documents\study\kj\blender_importer_exporter\bztuts\bztuts\x64\debug\bztuts.tlog\cl.write.1.tlog
c:\users\chai31\documents\study\kj\blender_importer_exporter\bztuts\bztuts\x64\debug\bztuts.tlog\fxc.command.1.tlog
c:\users\chai31\documents\study\kj\blender_importer_exporter\bztuts\bztuts\x64\debug\bztuts.tlog\fxc.read.1.tlog
c:\users\chai31\documents\study\kj\blender_importer_exporter\bztuts\bztuts\x64\debug\bztuts.tlog\fxc.write.1.tlog
c:\users\chai31\documents\study\kj\blender_importer_exporter\bztuts\bztuts\x64\debug\bztuts.tlog\link.command.1.tlog
c:\users\chai31\documents\study\kj\blender_importer_exporter\bztuts\bztuts\x64\debug\bztuts.tlog\link.read.1.tlog
c:\users\chai31\documents\study\kj\blender_importer_exporter\bztuts\bztuts\x64\debug\bztuts.tlog\link.write.1.tlog
